<?xml version="1.0" encoding="UTF-8"?>
<!-- Generated by org.testng.reporters.JUnitXMLReporter -->
<testsuite hostname="THANGAM-LT" ignored="5" name="Test for Marketplace Change Password" tests="5" failures="0" timestamp="28 Mar 2019 09:20:24 GMT" time="31.333" errors="0">
  <testcase name="openingLoginPage" time="8.958" classname="testCases.MarketplaceLogin"/>
  <testcase name="loginSuccess" time="4.851" classname="testCases.MarketplaceLogin"/>
  <testcase name="changePassword" time="10.368" classname="testCases.MarketplaceChangePassword"/>
  <testcase name="successMessage" time="0.004" classname="testCases.MarketplaceChangePassword"/>
  <testcase name="successMessage1" time="0.004" classname="testCases.MarketplaceChangePassword"/>
  <testcase name="successMessage11" time="0.0" classname="testCases.MarketplaceChangePassword">
    <ignored/>
  </testcase> <!-- successMessage11 -->
  <testcase name="@BeforeSuite report" time="0.0" classname="config.StartBrowser">
    <ignored/>
  </testcase> <!-- @BeforeSuite report -->
  <testcase name="@AfterSuite browserClose" time="0.0" classname="config.StartBrowser">
    <ignored/>
  </testcase> <!-- @AfterSuite browserClose -->
  <testcase name="logOut" time="0.0" classname="testCases.MarketplaceLogin">
    <ignored/>
  </testcase> <!-- logOut -->
  <testcase name="@BeforeTest browserStart" time="0.0" classname="config.StartBrowser">
    <ignored/>
  </testcase> <!-- @BeforeTest browserStart -->
</testsuite> <!-- Test for Marketplace Change Password -->
