<?xml version="1.0" encoding="UTF-8"?>
<!-- Generated by org.testng.reporters.JUnitXMLReporter -->
<testsuite hostname="THANGAM-LT" ignored="0" name="Test - Marketplace Login and logout" tests="3" failures="1" timestamp="27 Mar 2019 13:35:19 GMT" time="27.813" errors="0">
  <testcase name="openingLoginPage" time="13.527" classname="testCases.MarketplaceLogin"/>
  <testcase name="loginSuccess" time="4.385" classname="testCases.MarketplaceLogin"/>
  <testcase name="logOut" time="2.223" classname="testCases.MarketplaceLogin">
    <failure type="java.lang.AssertionError" message="expected [Test2ewe] but found [Test1]">
      <![CDATA[java.lang.AssertionError: expected [Test2ewe] but found [Test1]
at testCases.MarketplaceLogin.logOut(MarketplaceLogin.java:55)
... Removed 31 stack frames]]>
    </failure>
  </testcase> <!-- logOut -->
</testsuite> <!-- Test - Marketplace Login and logout -->
