<?xml version="1.0" encoding="UTF-8"?>
<testsuite xmlns:xsi="http://www.w3.org/2001/XMLSchema-instance" xsi:noNamespaceSchemaLocation="https://maven.apache.org/surefire/maven-surefire-plugin/xsd/surefire-test-report.xsd" name="TestSuite" time="41.972" tests="5" errors="0" skipped="0" failures="0">
  <properties>
[...]
</properties>
  <testcase name="openingLoginPage" classname="testCases.MarketplaceLogin" time="15.741"/>
  <testcase name="loginSuccess" classname="testCases.MarketplaceLogin" time="5.409"/>
  <testcase name="changePassword" classname="testCases.MarketplaceChangePassword" time="11.884"/>
  <testcase name="successMessage" classname="testCases.MarketplaceChangePassword" time="0.006"/>
  <testcase name="successMessage1" classname="testCases.MarketplaceChangePassword" time="0.002"/>
</testsuite>