<?xml version="1.0" encoding="UTF-8"?>
<testng-results skipped="0" failed="0" ignored="5" total="10" passed="5">
  <reporter-output>
  </reporter-output>
  <suite name="Suite" duration-ms="43781" started-at="2019-03-29T16:01:01Z" finished-at="2019-03-29T16:01:45Z">
    <groups>
      <group name="SmokeTesting">
        <method signature="MarketplaceChangePassword.changePassword()[pri:0, instance:com.nttpc.marketplace.testcases.MarketplaceChangePassword@239963d8]" name="changePassword" class="com.nttpc.marketplace.testcases.MarketplaceChangePassword"/>
        <method signature="MarketplaceChangePassword.successMessage()[pri:0, instance:com.nttpc.marketplace.testcases.MarketplaceChangePassword@239963d8]" name="successMessage" class="com.nttpc.marketplace.testcases.MarketplaceChangePassword"/>
        <method signature="MarketplaceChangePassword.successMessage1()[pri:0, instance:com.nttpc.marketplace.testcases.MarketplaceChangePassword@239963d8]" name="successMessage1" class="com.nttpc.marketplace.testcases.MarketplaceChangePassword"/>
        <method signature="MarketplaceLogin.openingLoginPage()[pri:0, instance:com.nttpc.marketplace.testcases.MarketplaceLogin@4dfa3a9d]" name="openingLoginPage" class="com.nttpc.marketplace.testcases.MarketplaceLogin"/>
        <method signature="MarketplaceLogin.loginSuccess()[pri:0, instance:com.nttpc.marketplace.testcases.MarketplaceLogin@4dfa3a9d]" name="loginSuccess" class="com.nttpc.marketplace.testcases.MarketplaceLogin"/>
      </group> <!-- SmokeTesting -->
    </groups>
    <test name="Test for Marketplace Change Password" duration-ms="43781" started-at="2019-03-29T16:01:01Z" finished-at="2019-03-29T16:01:45Z">
      <class name="com.nttpc.marketplace.testcases.MarketplaceChangePassword">
        <test-method status="PASS" signature="methodNameAppend(java.lang.reflect.Method)[pri:0, instance:com.nttpc.marketplace.testcases.MarketplaceChangePassword@239963d8]" name="methodNameAppend" is-config="true" duration-ms="1" started-at="2019-03-29T16:01:33Z" finished-at="2019-03-29T16:01:33Z">
          <params>
            <param index="0">
              <value>
                <![CDATA[public void com.nttpc.marketplace.testcases.MarketplaceChangePassword.changePassword() throws java.lang.Exception]]>
              </value>
            </param>
          </params>
          <reporter-output>
          </reporter-output>
        </test-method> <!-- methodNameAppend -->
        <test-method status="PASS" signature="changePassword()[pri:0, instance:com.nttpc.marketplace.testcases.MarketplaceChangePassword@239963d8]" name="changePassword" duration-ms="11698" started-at="2019-03-29T16:01:33Z" finished-at="2019-03-29T16:01:45Z">
          <reporter-output>
          </reporter-output>
        </test-method> <!-- changePassword -->
        <test-method status="PASS" signature="attachScreenshot(org.testng.ITestResult)[pri:0, instance:com.nttpc.marketplace.testcases.MarketplaceChangePassword@239963d8]" name="attachScreenshot" is-config="true" duration-ms="2" started-at="2019-03-29T16:01:45Z" finished-at="2019-03-29T16:01:45Z">
          <params>
            <param index="0">
              <value>
                <![CDATA[[TestResult name=changePassword status=SUCCESS method=MarketplaceChangePassword.changePassword()[pri:0, instance:com.nttpc.marketplace.testcases.MarketplaceChangePassword@239963d8] output={null}]]]>
              </value>
            </param>
          </params>
          <reporter-output>
          </reporter-output>
        </test-method> <!-- attachScreenshot -->
        <test-method status="PASS" signature="successMessage()[pri:0, instance:com.nttpc.marketplace.testcases.MarketplaceChangePassword@239963d8]" name="successMessage" duration-ms="3" started-at="2019-03-29T16:01:45Z" finished-at="2019-03-29T16:01:45Z">
          <reporter-output>
          </reporter-output>
        </test-method> <!-- successMessage -->
        <test-method status="PASS" signature="methodNameAppend(java.lang.reflect.Method)[pri:0, instance:com.nttpc.marketplace.testcases.MarketplaceChangePassword@239963d8]" name="methodNameAppend" is-config="true" duration-ms="0" started-at="2019-03-29T16:01:45Z" finished-at="2019-03-29T16:01:45Z">
          <params>
            <param index="0">
              <value>
                <![CDATA[public void com.nttpc.marketplace.testcases.MarketplaceChangePassword.successMessage()]]>
              </value>
            </param>
          </params>
          <reporter-output>
          </reporter-output>
        </test-method> <!-- methodNameAppend -->
        <test-method status="PASS" signature="attachScreenshot(org.testng.ITestResult)[pri:0, instance:com.nttpc.marketplace.testcases.MarketplaceChangePassword@239963d8]" name="attachScreenshot" is-config="true" duration-ms="1" started-at="2019-03-29T16:01:45Z" finished-at="2019-03-29T16:01:45Z">
          <params>
            <param index="0">
              <value>
                <![CDATA[[TestResult name=successMessage status=SUCCESS method=MarketplaceChangePassword.successMessage()[pri:0, instance:com.nttpc.marketplace.testcases.MarketplaceChangePassword@239963d8] output={null}]]]>
              </value>
            </param>
          </params>
          <reporter-output>
          </reporter-output>
        </test-method> <!-- attachScreenshot -->
        <test-method status="PASS" signature="methodNameAppend(java.lang.reflect.Method)[pri:0, instance:com.nttpc.marketplace.testcases.MarketplaceChangePassword@239963d8]" name="methodNameAppend" is-config="true" duration-ms="1" started-at="2019-03-29T16:01:45Z" finished-at="2019-03-29T16:01:45Z">
          <params>
            <param index="0">
              <value>
                <![CDATA[public void com.nttpc.marketplace.testcases.MarketplaceChangePassword.successMessage1()]]>
              </value>
            </param>
          </params>
          <reporter-output>
          </reporter-output>
        </test-method> <!-- methodNameAppend -->
        <test-method status="PASS" signature="successMessage1()[pri:0, instance:com.nttpc.marketplace.testcases.MarketplaceChangePassword@239963d8]" name="successMessage1" duration-ms="3" started-at="2019-03-29T16:01:45Z" finished-at="2019-03-29T16:01:45Z">
          <reporter-output>
          </reporter-output>
        </test-method> <!-- successMessage1 -->
        <test-method status="PASS" signature="attachScreenshot(org.testng.ITestResult)[pri:0, instance:com.nttpc.marketplace.testcases.MarketplaceChangePassword@239963d8]" name="attachScreenshot" is-config="true" duration-ms="1" started-at="2019-03-29T16:01:45Z" finished-at="2019-03-29T16:01:45Z">
          <params>
            <param index="0">
              <value>
                <![CDATA[[TestResult name=successMessage1 status=SUCCESS method=MarketplaceChangePassword.successMessage1()[pri:0, instance:com.nttpc.marketplace.testcases.MarketplaceChangePassword@239963d8] output={null}]]]>
              </value>
            </param>
          </params>
          <reporter-output>
          </reporter-output>
        </test-method> <!-- attachScreenshot -->
      </class> <!-- com.nttpc.marketplace.testcases.MarketplaceChangePassword -->
      <class name="com.nttpc.marketplace.testcases.MarketplaceLogin">
        <test-method status="PASS" signature="report()[pri:0, instance:com.nttpc.marketplace.testcases.MarketplaceLogin@4dfa3a9d]" name="report" is-config="true" duration-ms="731" started-at="2019-03-29T16:01:01Z" finished-at="2019-03-29T16:01:01Z">
          <reporter-output>
          </reporter-output>
        </test-method> <!-- report -->
        <test-method status="PASS" signature="browserStart(java.lang.String, java.lang.String)[pri:0, instance:com.nttpc.marketplace.testcases.MarketplaceLogin@4dfa3a9d]" name="browserStart" is-config="true" duration-ms="14749" started-at="2019-03-29T16:01:01Z" finished-at="2019-03-29T16:01:16Z">
          <params>
            <param index="0">
              <value>
                <![CDATA[Chrome]]>
              </value>
            </param>
            <param index="1">
              <value>
                <![CDATA[English]]>
              </value>
            </param>
          </params>
          <reporter-output>
          </reporter-output>
        </test-method> <!-- browserStart -->
        <test-method status="PASS" signature="methodNameAppend(java.lang.reflect.Method)[pri:0, instance:com.nttpc.marketplace.testcases.MarketplaceLogin@4dfa3a9d]" name="methodNameAppend" is-config="true" duration-ms="9" started-at="2019-03-29T16:01:16Z" finished-at="2019-03-29T16:01:16Z">
          <params>
            <param index="0">
              <value>
                <![CDATA[public void com.nttpc.marketplace.testcases.MarketplaceLogin.openingLoginPage() throws java.lang.Exception]]>
              </value>
            </param>
          </params>
          <reporter-output>
          </reporter-output>
        </test-method> <!-- methodNameAppend -->
        <test-method status="PASS" signature="openingLoginPage()[pri:0, instance:com.nttpc.marketplace.testcases.MarketplaceLogin@4dfa3a9d]" name="openingLoginPage" duration-ms="12120" started-at="2019-03-29T16:01:16Z" finished-at="2019-03-29T16:01:28Z">
          <reporter-output>
          </reporter-output>
        </test-method> <!-- openingLoginPage -->
        <test-method status="PASS" signature="attachScreenshot(org.testng.ITestResult)[pri:0, instance:com.nttpc.marketplace.testcases.MarketplaceLogin@4dfa3a9d]" name="attachScreenshot" is-config="true" duration-ms="1" started-at="2019-03-29T16:01:28Z" finished-at="2019-03-29T16:01:28Z">
          <params>
            <param index="0">
              <value>
                <![CDATA[[TestResult name=openingLoginPage status=SUCCESS method=MarketplaceLogin.openingLoginPage()[pri:0, instance:com.nttpc.marketplace.testcases.MarketplaceLogin@4dfa3a9d] output={null}]]]>
              </value>
            </param>
          </params>
          <reporter-output>
          </reporter-output>
        </test-method> <!-- attachScreenshot -->
        <test-method status="PASS" signature="methodNameAppend(java.lang.reflect.Method)[pri:0, instance:com.nttpc.marketplace.testcases.MarketplaceLogin@4dfa3a9d]" name="methodNameAppend" is-config="true" duration-ms="0" started-at="2019-03-29T16:01:28Z" finished-at="2019-03-29T16:01:28Z">
          <params>
            <param index="0">
              <value>
                <![CDATA[public void com.nttpc.marketplace.testcases.MarketplaceLogin.loginSuccess() throws java.lang.Exception]]>
              </value>
            </param>
          </params>
          <reporter-output>
          </reporter-output>
        </test-method> <!-- methodNameAppend -->
        <test-method status="PASS" signature="loginSuccess()[pri:0, instance:com.nttpc.marketplace.testcases.MarketplaceLogin@4dfa3a9d]" name="loginSuccess" duration-ms="5102" started-at="2019-03-29T16:01:28Z" depends-on-methods="com.nttpc.marketplace.testcases.MarketplaceLogin.openingLoginPage" finished-at="2019-03-29T16:01:33Z">
          <reporter-output>
          </reporter-output>
        </test-method> <!-- loginSuccess -->
        <test-method status="PASS" signature="attachScreenshot(org.testng.ITestResult)[pri:0, instance:com.nttpc.marketplace.testcases.MarketplaceLogin@4dfa3a9d]" name="attachScreenshot" is-config="true" duration-ms="3" started-at="2019-03-29T16:01:33Z" finished-at="2019-03-29T16:01:33Z">
          <params>
            <param index="0">
              <value>
                <![CDATA[[TestResult name=loginSuccess status=SUCCESS method=MarketplaceLogin.loginSuccess()[pri:0, instance:com.nttpc.marketplace.testcases.MarketplaceLogin@4dfa3a9d] output={null}]]]>
              </value>
            </param>
          </params>
          <reporter-output>
          </reporter-output>
        </test-method> <!-- attachScreenshot -->
        <test-method status="PASS" signature="browserClose()[pri:0, instance:com.nttpc.marketplace.testcases.MarketplaceLogin@4dfa3a9d]" name="browserClose" is-config="true" duration-ms="1832" started-at="2019-03-29T16:01:45Z" finished-at="2019-03-29T16:01:47Z">
          <reporter-output>
          </reporter-output>
        </test-method> <!-- browserClose -->
      </class> <!-- com.nttpc.marketplace.testcases.MarketplaceLogin -->
    </test> <!-- Test for Marketplace Change Password -->
  </suite> <!-- Suite -->
</testng-results>
