<?xml version="1.0" encoding="UTF-8"?>
<testng-results skipped="0" failed="1" ignored="0" total="3" passed="2">
  <reporter-output>
  </reporter-output>
  <suite name="Suite" duration-ms="22276" started-at="2019-03-28T09:23:33Z" finished-at="2019-03-28T09:23:55Z">
    <groups>
      <group name="SmokeTesting">
        <method signature="MarketplaceLogin.openingLoginPage()[pri:0, instance:testCases.MarketplaceLogin@1a968a59]" name="openingLoginPage" class="testCases.MarketplaceLogin"/>
        <method signature="MarketplaceLogin.loginSuccess()[pri:0, instance:testCases.MarketplaceLogin@1a968a59]" name="loginSuccess" class="testCases.MarketplaceLogin"/>
      </group> <!-- SmokeTesting -->
    </groups>
    <test name="Test - Marketplace Login and logout" duration-ms="22276" started-at="2019-03-28T09:23:33Z" finished-at="2019-03-28T09:23:55Z">
      <class name="testCases.MarketplaceLogin">
        <test-method status="PASS" signature="report()[pri:0, instance:testCases.MarketplaceLogin@1a968a59]" name="report" is-config="true" duration-ms="466" started-at="2019-03-28T09:23:32Z" finished-at="2019-03-28T09:23:33Z">
          <reporter-output>
          </reporter-output>
        </test-method> <!-- report -->
        <test-method status="PASS" signature="browserStart(java.lang.String, java.lang.String)[pri:0, instance:testCases.MarketplaceLogin@1a968a59]" name="browserStart" is-config="true" duration-ms="6304" started-at="2019-03-28T09:23:33Z" finished-at="2019-03-28T09:23:39Z">
          <params>
            <param index="0">
              <value>
                <![CDATA[Chrome]]>
              </value>
            </param>
            <param index="1">
              <value>
                <![CDATA[Japanese]]>
              </value>
            </param>
          </params>
          <reporter-output>
          </reporter-output>
        </test-method> <!-- browserStart -->
        <test-method status="PASS" signature="methodNameAppend(java.lang.reflect.Method)[pri:0, instance:testCases.MarketplaceLogin@1a968a59]" name="methodNameAppend" is-config="true" duration-ms="31" started-at="2019-03-28T09:23:39Z" finished-at="2019-03-28T09:23:39Z">
          <params>
            <param index="0">
              <value>
                <![CDATA[public void testCases.MarketplaceLogin.openingLoginPage() throws java.lang.Exception]]>
              </value>
            </param>
          </params>
          <reporter-output>
          </reporter-output>
        </test-method> <!-- methodNameAppend -->
        <test-method status="PASS" signature="openingLoginPage()[pri:0, instance:testCases.MarketplaceLogin@1a968a59]" name="openingLoginPage" duration-ms="8692" started-at="2019-03-28T09:23:39Z" finished-at="2019-03-28T09:23:48Z">
          <reporter-output>
          </reporter-output>
        </test-method> <!-- openingLoginPage -->
        <test-method status="PASS" signature="attachScreenshot(org.testng.ITestResult)[pri:0, instance:testCases.MarketplaceLogin@1a968a59]" name="attachScreenshot" is-config="true" duration-ms="4" started-at="2019-03-28T09:23:48Z" finished-at="2019-03-28T09:23:48Z">
          <params>
            <param index="0">
              <value>
                <![CDATA[[TestResult name=openingLoginPage status=SUCCESS method=MarketplaceLogin.openingLoginPage()[pri:0, instance:testCases.MarketplaceLogin@1a968a59] output={null}]]]>
              </value>
            </param>
          </params>
          <reporter-output>
          </reporter-output>
        </test-method> <!-- attachScreenshot -->
        <test-method status="PASS" signature="loginSuccess()[pri:0, instance:testCases.MarketplaceLogin@1a968a59]" name="loginSuccess" duration-ms="4487" started-at="2019-03-28T09:23:48Z" depends-on-methods="testCases.MarketplaceLogin.openingLoginPage" finished-at="2019-03-28T09:23:52Z">
          <reporter-output>
          </reporter-output>
        </test-method> <!-- loginSuccess -->
        <test-method status="PASS" signature="methodNameAppend(java.lang.reflect.Method)[pri:0, instance:testCases.MarketplaceLogin@1a968a59]" name="methodNameAppend" is-config="true" duration-ms="0" started-at="2019-03-28T09:23:48Z" finished-at="2019-03-28T09:23:48Z">
          <params>
            <param index="0">
              <value>
                <![CDATA[public void testCases.MarketplaceLogin.loginSuccess() throws java.lang.Exception]]>
              </value>
            </param>
          </params>
          <reporter-output>
          </reporter-output>
        </test-method> <!-- methodNameAppend -->
        <test-method status="PASS" signature="methodNameAppend(java.lang.reflect.Method)[pri:0, instance:testCases.MarketplaceLogin@1a968a59]" name="methodNameAppend" is-config="true" duration-ms="8" started-at="2019-03-28T09:23:52Z" finished-at="2019-03-28T09:23:52Z">
          <params>
            <param index="0">
              <value>
                <![CDATA[public void testCases.MarketplaceLogin.logOut() throws java.lang.Exception]]>
              </value>
            </param>
          </params>
          <reporter-output>
          </reporter-output>
        </test-method> <!-- methodNameAppend -->
        <test-method status="PASS" signature="attachScreenshot(org.testng.ITestResult)[pri:0, instance:testCases.MarketplaceLogin@1a968a59]" name="attachScreenshot" is-config="true" duration-ms="0" started-at="2019-03-28T09:23:52Z" finished-at="2019-03-28T09:23:52Z">
          <params>
            <param index="0">
              <value>
                <![CDATA[[TestResult name=loginSuccess status=SUCCESS method=MarketplaceLogin.loginSuccess()[pri:0, instance:testCases.MarketplaceLogin@1a968a59] output={null}]]]>
              </value>
            </param>
          </params>
          <reporter-output>
          </reporter-output>
        </test-method> <!-- attachScreenshot -->
        <test-method status="FAIL" signature="logOut()[pri:2, instance:testCases.MarketplaceLogin@1a968a59]" name="logOut" duration-ms="2229" started-at="2019-03-28T09:23:52Z" finished-at="2019-03-28T09:23:54Z">
          <exception class="java.lang.AssertionError">
            <message>
              <![CDATA[expected [Test2ewe] but found [Test1]]]>
            </message>
            <full-stacktrace>
              <![CDATA[java.lang.AssertionError: expected [Test2ewe] but found [Test1]
at org.testng.Assert.fail(Assert.java:96)
at org.testng.Assert.failNotEquals(Assert.java:776)
at org.testng.Assert.assertEqualsImpl(Assert.java:137)
at org.testng.Assert.assertEquals(Assert.java:118)
at org.testng.Assert.assertEquals(Assert.java:453)
at org.testng.Assert.assertEquals(Assert.java:463)
at testCases.MarketplaceLogin.logOut(MarketplaceLogin.java:54)
at sun.reflect.NativeMethodAccessorImpl.invoke0(Native Method)
at sun.reflect.NativeMethodAccessorImpl.invoke(NativeMethodAccessorImpl.java:62)
at sun.reflect.DelegatingMethodAccessorImpl.invoke(DelegatingMethodAccessorImpl.java:43)
at java.lang.reflect.Method.invoke(Method.java:498)
at org.testng.internal.MethodInvocationHelper.invokeMethod(MethodInvocationHelper.java:124)
at org.testng.internal.Invoker.invokeMethod(Invoker.java:583)
at org.testng.internal.Invoker.invokeTestMethod(Invoker.java:719)
at org.testng.internal.Invoker.invokeTestMethods(Invoker.java:989)
at org.testng.internal.TestMethodWorker.invokeTestMethods(TestMethodWorker.java:125)
at org.testng.internal.TestMethodWorker.run(TestMethodWorker.java:109)
at org.testng.TestRunner.privateRun(TestRunner.java:648)
at org.testng.TestRunner.run(TestRunner.java:505)
at org.testng.SuiteRunner.runTest(SuiteRunner.java:455)
at org.testng.SuiteRunner.runSequentially(SuiteRunner.java:450)
at org.testng.SuiteRunner.privateRun(SuiteRunner.java:415)
at org.testng.SuiteRunner.run(SuiteRunner.java:364)
at org.testng.SuiteRunnerWorker.runSuite(SuiteRunnerWorker.java:52)
at org.testng.SuiteRunnerWorker.run(SuiteRunnerWorker.java:84)
at org.testng.TestNG.runSuitesSequentially(TestNG.java:1208)
at org.testng.TestNG.runSuitesLocally(TestNG.java:1137)
at org.testng.TestNG.runSuites(TestNG.java:1049)
at org.testng.TestNG.run(TestNG.java:1017)
at org.testng.remote.AbstractRemoteTestNG.run(AbstractRemoteTestNG.java:114)
at org.testng.remote.RemoteTestNG.initAndRun(RemoteTestNG.java:251)
at org.testng.remote.RemoteTestNG.main(RemoteTestNG.java:77)
]]>
            </full-stacktrace>
          </exception> <!-- java.lang.AssertionError -->
          <reporter-output>
          </reporter-output>
        </test-method> <!-- logOut -->
        <test-method status="PASS" signature="attachScreenshot(org.testng.ITestResult)[pri:0, instance:testCases.MarketplaceLogin@1a968a59]" name="attachScreenshot" is-config="true" duration-ms="437" started-at="2019-03-28T09:23:54Z" finished-at="2019-03-28T09:23:55Z">
          <params>
            <param index="0">
              <value>
                <![CDATA[[TestResult name=logOut status=FAILURE method=MarketplaceLogin.logOut()[pri:2, instance:testCases.MarketplaceLogin@1a968a59] output={null}]]]>
              </value>
            </param>
          </params>
          <reporter-output>
          </reporter-output>
        </test-method> <!-- attachScreenshot -->
        <test-method status="PASS" signature="browserClose()[pri:0, instance:testCases.MarketplaceLogin@1a968a59]" name="browserClose" is-config="true" duration-ms="1492" started-at="2019-03-28T09:23:55Z" finished-at="2019-03-28T09:23:56Z">
          <reporter-output>
          </reporter-output>
        </test-method> <!-- browserClose -->
      </class> <!-- testCases.MarketplaceLogin -->
    </test> <!-- Test - Marketplace Login and logout -->
  </suite> <!-- Suite -->
</testng-results>
